<?xml version="1.0" encoding="UTF-8"?>
<!-- Generated by org.testng.reporters.JUnitXMLReporter -->
<testsuite ignored="0" hostname="MSI" failures="0" tests="4" name="Test" time="0.042" errors="0" timestamp="2025-03-13T13:29:27 IST">
  <testcase classname="pck1.CreateTest" name="createcontactTest" time="0.004"/>
  <testcase classname="pck1.CreateTest" name="modifycontactTest" time="0.0"/>
  <testcase classname="pck2.CreateOrgTest" name="createorgTest" time="0.0"/>
  <testcase classname="pck2.CreateOrgTest" name="modifyorgTest" time="0.0"/>
</testsuite> <!-- Test -->
