<?xml version="1.0" encoding="UTF-8"?>
<testng-results ignored="0" total="4" passed="4" failed="0" skipped="0">
  <reporter-output>
  </reporter-output>
  <suite started-at="2025-03-13T13:29:27 IST" name="Suite" finished-at="2025-03-13T13:29:27 IST" duration-ms="42">
    <groups>
    </groups>
    <test started-at="2025-03-13T13:29:27 IST" name="Test" finished-at="2025-03-13T13:29:27 IST" duration-ms="42">
      <class name="pck2.CreateOrgTest">
        <test-method signature="createorgTest()[pri:0, instance:pck2.CreateOrgTest@12b0404f]" started-at="2025-03-13T13:29:27 IST" name="createorgTest" finished-at="2025-03-13T13:29:27 IST" duration-ms="0" status="PASS">
          <reporter-output>
          </reporter-output>
        </test-method> <!-- createorgTest -->
        <test-method signature="modifyorgTest()[pri:0, instance:pck2.CreateOrgTest@12b0404f]" started-at="2025-03-13T13:29:27 IST" name="modifyorgTest" finished-at="2025-03-13T13:29:27 IST" duration-ms="0" status="PASS">
          <reporter-output>
          </reporter-output>
        </test-method> <!-- modifyorgTest -->
      </class> <!-- pck2.CreateOrgTest -->
      <class name="pck1.CreateTest">
        <test-method signature="createcontactTest()[pri:0, instance:pck1.CreateTest@2f112965]" started-at="2025-03-13T13:29:27 IST" name="createcontactTest" finished-at="2025-03-13T13:29:27 IST" duration-ms="4" status="PASS">
          <reporter-output>
          </reporter-output>
        </test-method> <!-- createcontactTest -->
        <test-method signature="modifycontactTest()[pri:0, instance:pck1.CreateTest@2f112965]" started-at="2025-03-13T13:29:27 IST" name="modifycontactTest" finished-at="2025-03-13T13:29:27 IST" duration-ms="0" status="PASS">
          <reporter-output>
          </reporter-output>
        </test-method> <!-- modifycontactTest -->
      </class> <!-- pck1.CreateTest -->
    </test> <!-- Test -->
  </suite> <!-- Suite -->
</testng-results>
