<?xml version="1.0" encoding="UTF-8"?>
<!-- Generated by org.testng.reporters.JUnitXMLReporter -->
<testsuite ignored="0" hostname="MSI" failures="0" tests="3" name="Test" time="27.195" errors="0" timestamp="2025-03-07T16:35:31 IST">
  <testcase classname="OraganizationModule.CreateOraganizationTest" name="CreateOrganization" time="4.829"/>
  <testcase classname="OraganizationModule.CreateOraganizationTest" name="createOraganizationWithIndustriesTest" time="4.417"/>
  <testcase classname="OraganizationModule.CreateOraganizationTest" name="createOrgWithPhoneNumberTest" time="4.813"/>
</testsuite> <!-- Test -->
