<?xml version="1.0" encoding="UTF-8"?>
<!-- Generated by org.testng.reporters.JUnitXMLReporter -->
<testsuite ignored="0" hostname="MSI" failures="0" tests="4" name="Surefire test" time="0.076" errors="0" timestamp="2025-03-13T11:22:35 IST">
  <testcase classname="pck1.CreateTest" name="createcontactTest" time="0.008"/>
  <testcase classname="pck1.CreateTest" name="modifycontactTest" time="0.001"/>
  <testcase classname="pck2.CreateOrgTest" name="createorgTest" time="0.001"/>
  <testcase classname="pck2.CreateOrgTest" name="modifyorgTest" time="0.001"/>
</testsuite> <!-- Surefire test -->
